{
 "cells": [
  {
   "cell_type": "code",
   "execution_count": 1,
   "metadata": {},
   "outputs": [],
   "source": [
    "%load_ext sql"
   ]
  },
  {
   "cell_type": "code",
   "execution_count": 4,
   "metadata": {},
   "outputs": [
    {
     "name": "stdout",
     "output_type": "stream",
     "text": [
      "1 rows affected.\n"
     ]
    },
    {
     "data": {
      "text/html": [
       "<table>\n",
       "    <tr>\n",
       "        <th>message</th>\n",
       "    </tr>\n",
       "    <tr>\n",
       "        <td>hi there</td>\n",
       "    </tr>\n",
       "</table>"
      ],
      "text/plain": [
       "[('hi there',)]"
      ]
     },
     "execution_count": 4,
     "metadata": {},
     "output_type": "execute_result"
    }
   ],
   "source": [
    "%%sql postgresql://ops:MyPr3cious@somehost:5439/dev\n",
    "\n",
    "select 'hi there' as \"message\";"
   ]
  },
  {
   "cell_type": "code",
   "execution_count": 31,
   "metadata": {},
   "outputs": [
    {
     "name": "stdout",
     "output_type": "stream",
     "text": [
      " * postgresql://ops:***@klukas-demo.cfh4rlyx7ryj.us-east-2.redshift.amazonaws.com:5439/dev\n",
      "Done.\n",
      "Done.\n"
     ]
    },
    {
     "data": {
      "text/plain": [
       "[]"
      ]
     },
     "execution_count": 31,
     "metadata": {},
     "output_type": "execute_result"
    }
   ],
   "source": [
    "%%sql\n",
    "\n",
    "DROP TABLE if exists public.transactions_history;\n",
    "\n",
    "CREATE TABLE public.transactions_history (\n",
    "    operation character(6) NOT NULL,\n",
    "    when_modified timestamp without time zone NOT NULL,\n",
    "    transaction_id integer,\n",
    "    user_id text,\n",
    "    merchant text,\n",
    "    amount numeric,\n",
    "    when_created timestamp without time zone\n",
    ")\n",
    "DISTKEY (transaction_id)\n",
    "SORTKEY (transaction_id, when_modified)\n",
    ";"
   ]
  },
  {
   "cell_type": "code",
   "execution_count": null,
   "metadata": {},
   "outputs": [],
   "source": []
  },
  {
   "cell_type": "code",
   "execution_count": 28,
   "metadata": {},
   "outputs": [
    {
     "name": "stdout",
     "output_type": "stream",
     "text": [
      " * postgresql://ops:***@klukas-demo.cfh4rlyx7ryj.us-east-2.redshift.amazonaws.com:5439/dev\n",
      "10 rows affected.\n"
     ]
    },
    {
     "data": {
      "text/html": [
       "<table>\n",
       "    <tr>\n",
       "        <th>QUERY PLAN</th>\n",
       "    </tr>\n",
       "    <tr>\n",
       "        <td>XN Subquery Scan latest  (cost=1000000000003.33..1000000000006.53 rows=1 width=833)</td>\n",
       "    </tr>\n",
       "    <tr>\n",
       "        <td>&nbsp;&nbsp;Filter: ((n = 1) AND (operation &lt;&gt; &#x27;delete&#x27;::bpchar))</td>\n",
       "    </tr>\n",
       "    <tr>\n",
       "        <td>&nbsp;&nbsp;-&gt;  XN Window  (cost=1000000000003.33..1000000000005.33 rows=80 width=863)</td>\n",
       "    </tr>\n",
       "    <tr>\n",
       "        <td>&nbsp;&nbsp;&nbsp;&nbsp;&nbsp;&nbsp;&nbsp;&nbsp;Partition: transaction_id</td>\n",
       "    </tr>\n",
       "    <tr>\n",
       "        <td>&nbsp;&nbsp;&nbsp;&nbsp;&nbsp;&nbsp;&nbsp;&nbsp;Order: transaction_id, when_modified</td>\n",
       "    </tr>\n",
       "    <tr>\n",
       "        <td>&nbsp;&nbsp;&nbsp;&nbsp;&nbsp;&nbsp;&nbsp;&nbsp;-&gt;  XN Sort  (cost=1000000000003.33..1000000000003.53 rows=80 width=863)</td>\n",
       "    </tr>\n",
       "    <tr>\n",
       "        <td>&nbsp;&nbsp;&nbsp;&nbsp;&nbsp;&nbsp;&nbsp;&nbsp;&nbsp;&nbsp;&nbsp;&nbsp;&nbsp;&nbsp;Sort Key: transaction_id, when_modified</td>\n",
       "    </tr>\n",
       "    <tr>\n",
       "        <td>&nbsp;&nbsp;&nbsp;&nbsp;&nbsp;&nbsp;&nbsp;&nbsp;&nbsp;&nbsp;&nbsp;&nbsp;&nbsp;&nbsp;-&gt;  XN Seq Scan on transactions_history  (cost=0.00..0.80 rows=80 width=863)</td>\n",
       "    </tr>\n",
       "    <tr>\n",
       "        <td>----- Tables missing statistics: transactions_history -----</td>\n",
       "    </tr>\n",
       "    <tr>\n",
       "        <td>----- Update statistics by running the ANALYZE command on these tables -----</td>\n",
       "    </tr>\n",
       "</table>"
      ],
      "text/plain": [
       "[('XN Subquery Scan latest  (cost=1000000000003.33..1000000000006.53 rows=1 width=833)',),\n",
       " (\"  Filter: ((n = 1) AND (operation <> 'delete'::bpchar))\",),\n",
       " ('  ->  XN Window  (cost=1000000000003.33..1000000000005.33 rows=80 width=863)',),\n",
       " ('        Partition: transaction_id',),\n",
       " ('        Order: transaction_id, when_modified',),\n",
       " ('        ->  XN Sort  (cost=1000000000003.33..1000000000003.53 rows=80 width=863)',),\n",
       " ('              Sort Key: transaction_id, when_modified',),\n",
       " ('              ->  XN Seq Scan on transactions_history  (cost=0.00..0.80 rows=80 width=863)',),\n",
       " ('----- Tables missing statistics: transactions_history -----',),\n",
       " ('----- Update statistics by running the ANALYZE command on these tables -----',)]"
      ]
     },
     "execution_count": 28,
     "metadata": {},
     "output_type": "execute_result"
    }
   ],
   "source": [
    "%%sql\n",
    "\n",
    "explain select transaction_id, user_id, merchant, amount, when_created\n",
    "from (\n",
    "    select *, \n",
    "    row_number() over (\n",
    "        partition by transaction_id\n",
    "        order by transaction_id, when_modified desc\n",
    "    ) as n\n",
    "    from transactions_history\n",
    ") as latest\n",
    "where n = 1\n",
    "and operation != 'delete'\n",
    ";"
   ]
  },
  {
   "cell_type": "code",
   "execution_count": 35,
   "metadata": {},
   "outputs": [
    {
     "name": "stdout",
     "output_type": "stream",
     "text": [
      " * postgresql://ops:***@klukas-demo.cfh4rlyx7ryj.us-east-2.redshift.amazonaws.com:5439/dev\n",
      "8 rows affected.\n"
     ]
    },
    {
     "data": {
      "text/html": [
       "<table>\n",
       "    <tr>\n",
       "        <th>QUERY PLAN</th>\n",
       "    </tr>\n",
       "    <tr>\n",
       "        <td>XN Subquery Scan latest  (cost=0.00..4.20 rows=1 width=833)</td>\n",
       "    </tr>\n",
       "    <tr>\n",
       "        <td>&nbsp;&nbsp;Filter: ((c = n) AND (operation &lt;&gt; &#x27;delete&#x27;::bpchar))</td>\n",
       "    </tr>\n",
       "    <tr>\n",
       "        <td>&nbsp;&nbsp;-&gt;  XN Window  (cost=0.00..3.00 rows=80 width=863)</td>\n",
       "    </tr>\n",
       "    <tr>\n",
       "        <td>&nbsp;&nbsp;&nbsp;&nbsp;&nbsp;&nbsp;&nbsp;&nbsp;Partition: transaction_id</td>\n",
       "    </tr>\n",
       "    <tr>\n",
       "        <td>&nbsp;&nbsp;&nbsp;&nbsp;&nbsp;&nbsp;&nbsp;&nbsp;Order: transaction_id, when_modified</td>\n",
       "    </tr>\n",
       "    <tr>\n",
       "        <td>&nbsp;&nbsp;&nbsp;&nbsp;&nbsp;&nbsp;&nbsp;&nbsp;-&gt;  XN Seq Scan on transactions_history  (cost=0.00..0.80 rows=80 width=863)</td>\n",
       "    </tr>\n",
       "    <tr>\n",
       "        <td>----- Tables missing statistics: transactions_history -----</td>\n",
       "    </tr>\n",
       "    <tr>\n",
       "        <td>----- Update statistics by running the ANALYZE command on these tables -----</td>\n",
       "    </tr>\n",
       "</table>"
      ],
      "text/plain": [
       "[('XN Subquery Scan latest  (cost=0.00..4.20 rows=1 width=833)',),\n",
       " (\"  Filter: ((c = n) AND (operation <> 'delete'::bpchar))\",),\n",
       " ('  ->  XN Window  (cost=0.00..3.00 rows=80 width=863)',),\n",
       " ('        Partition: transaction_id',),\n",
       " ('        Order: transaction_id, when_modified',),\n",
       " ('        ->  XN Seq Scan on transactions_history  (cost=0.00..0.80 rows=80 width=863)',),\n",
       " ('----- Tables missing statistics: transactions_history -----',),\n",
       " ('----- Update statistics by running the ANALYZE command on these tables -----',)]"
      ]
     },
     "execution_count": 35,
     "metadata": {},
     "output_type": "execute_result"
    }
   ],
   "source": [
    "%%sql\n",
    "\n",
    "explain select transaction_id, user_id, merchant, amount, when_created\n",
    "from (\n",
    "    select *, \n",
    "    row_number() over (\n",
    "        partition by transaction_id\n",
    "        order by transaction_id, when_modified\n",
    "    ) as n,\n",
    "    count(*) over (\n",
    "        partition by transaction_id\n",
    "        order by transaction_id, when_modified\n",
    "        rows between unbounded preceding and unbounded following\n",
    "    ) as c\n",
    "    from transactions_history\n",
    ") as latest\n",
    "where n = c\n",
    "and operation != 'delete'\n",
    ";"
   ]
  },
  {
   "cell_type": "code",
   "execution_count": null,
   "metadata": {},
   "outputs": [],
   "source": []
  },
  {
   "cell_type": "code",
   "execution_count": null,
   "metadata": {},
   "outputs": [],
   "source": []
  }
 ],
 "metadata": {
  "kernelspec": {
   "display_name": "Python 3",
   "language": "python",
   "name": "python3"
  },
  "language_info": {
   "codemirror_mode": {
    "name": "ipython",
    "version": 3
   },
   "file_extension": ".py",
   "mimetype": "text/x-python",
   "name": "python",
   "nbconvert_exporter": "python",
   "pygments_lexer": "ipython3",
   "version": "3.7.0"
  }
 },
 "nbformat": 4,
 "nbformat_minor": 2
}
