{
 "cells": [
  {
   "cell_type": "markdown",
   "metadata": {},
   "source": [
    "## SQL is a declarative language\n",
    "\n",
    "In an _imperative_ language, you lay out specifically the steps for the program to take. SQL is a _declarative_ language where you specify intent, and it's up to the implementation of the language to determine the low-level steps to satisfy your intent.\n",
    "\n",
    "Usually, that's great. You get to program at a high level and the database takes care of all the details. \n",
    "\n",
    "Until it's not great. You'll eventually write a query that runs simply too slowly and you'll need to think more deeply about how the database is executing it. The subsystem of a SQL database system that translates your code into execution details is called the _query planner_.\n",
    "\n",
    "You can use the `EXPLAIN` command to peek at the plan your database has prepared to satisfy your query.\n",
    "\n",
    "We're going to run through a case study where `EXPLAIN` helped us turn our \"current state\" query into something that performs well on an Amazon Redshift database with 1 TB+ of data."
   ]
  },
  {
   "cell_type": "markdown",
   "metadata": {},
   "source": [
    "<br><br><br><br>\n",
    "# Set up the environment"
   ]
  },
  {
   "cell_type": "markdown",
   "metadata": {},
   "source": [
    "We're connecting to Redshift now, but it says `postgres` below because we're using a PostgreSQL driver to talk to Redshift. Redshift was originally forked from PostgreSQL and it has a compatible interface that lets it pretend to be an old version of PostgreSQL."
   ]
  },
  {
   "cell_type": "code",
   "execution_count": 1,
   "metadata": {},
   "outputs": [],
   "source": [
    "%load_ext sql"
   ]
  },
  {
   "cell_type": "code",
   "execution_count": 2,
   "metadata": {},
   "outputs": [
    {
     "name": "stdout",
     "output_type": "stream",
     "text": [
      "1 rows affected.\n"
     ]
    },
    {
     "data": {
      "text/html": [
       "<table>\n",
       "    <tr>\n",
       "        <th>message</th>\n",
       "    </tr>\n",
       "    <tr>\n",
       "        <td>hi there</td>\n",
       "    </tr>\n",
       "</table>"
      ],
      "text/plain": [
       "[('hi there',)]"
      ]
     },
     "execution_count": 2,
     "metadata": {},
     "output_type": "execute_result"
    }
   ],
   "source": [
    "%%sql postgresql://ops@klukas-test.cfh4rlyx7ryj.us-east-2.redshift.amazonaws.com:5439/dev\n",
    "\n",
    "select 'hi there' as \"message\";"
   ]
  },
  {
   "cell_type": "markdown",
   "metadata": {},
   "source": [
    "<br><br><br><br>\n",
    "# Create the history table"
   ]
  },
  {
   "cell_type": "markdown",
   "metadata": {},
   "source": [
    "If we naively copy the table structure and query from the previous notebook, Redshift will give us the following explain plan that starts (note that we read the plan from bottom up, so I'm talking about the bottommost) with two troubling and expensive steps:\n",
    "\n",
    "- DISTRIBUTE\n",
    "- SORT\n",
    "\n",
    "See all the details in the docs about [Redshift query plans](https://docs.aws.amazon.com/redshift/latest/dg/c-the-query-plan.html)."
   ]
  },
  {
   "cell_type": "code",
   "execution_count": 3,
   "metadata": {},
   "outputs": [
    {
     "name": "stdout",
     "output_type": "stream",
     "text": [
      " * postgresql://ops:***@klukas-test.cfh4rlyx7ryj.us-east-2.redshift.amazonaws.com:5439/dev\n",
      "Done.\n",
      "Done.\n"
     ]
    },
    {
     "data": {
      "text/plain": [
       "[]"
      ]
     },
     "execution_count": 3,
     "metadata": {},
     "output_type": "execute_result"
    }
   ],
   "source": [
    "%%sql\n",
    "\n",
    "drop table if exists transactions_history;\n",
    "\n",
    "create table transactions_history (\n",
    "    operation char(6) not null,\n",
    "    when_modified  timestamp not null,\n",
    "    transaction_id int,\n",
    "    user_id        text,\n",
    "    merchant       text,\n",
    "    amount         numeric,\n",
    "    when_created   timestamp\n",
    ")"
   ]
  },
  {
   "cell_type": "code",
   "execution_count": 5,
   "metadata": {},
   "outputs": [
    {
     "name": "stdout",
     "output_type": "stream",
     "text": [
      " * postgresql://ops:***@klukas-test.cfh4rlyx7ryj.us-east-2.redshift.amazonaws.com:5439/dev\n",
      "12 rows affected.\n"
     ]
    },
    {
     "data": {
      "text/html": [
       "<table>\n",
       "    <tr>\n",
       "        <th>QUERY PLAN</th>\n",
       "    </tr>\n",
       "    <tr>\n",
       "        <td>XN Subquery Scan subquery  (cost=1000000000003.33..1000000000006.53 rows=1 width=871)</td>\n",
       "    </tr>\n",
       "    <tr>\n",
       "        <td>&nbsp;&nbsp;Filter: ((n = 1) AND (operation &lt;&gt; &#x27;delete&#x27;::bpchar))</td>\n",
       "    </tr>\n",
       "    <tr>\n",
       "        <td>&nbsp;&nbsp;-&gt;  XN Window  (cost=1000000000003.33..1000000000005.33 rows=80 width=863)</td>\n",
       "    </tr>\n",
       "    <tr>\n",
       "        <td>&nbsp;&nbsp;&nbsp;&nbsp;&nbsp;&nbsp;&nbsp;&nbsp;Partition: transaction_id</td>\n",
       "    </tr>\n",
       "    <tr>\n",
       "        <td>&nbsp;&nbsp;&nbsp;&nbsp;&nbsp;&nbsp;&nbsp;&nbsp;Order: transaction_id, when_modified</td>\n",
       "    </tr>\n",
       "    <tr>\n",
       "        <td>&nbsp;&nbsp;&nbsp;&nbsp;&nbsp;&nbsp;&nbsp;&nbsp;-&gt;  XN Sort  (cost=1000000000003.33..1000000000003.53 rows=80 width=863)</td>\n",
       "    </tr>\n",
       "    <tr>\n",
       "        <td>&nbsp;&nbsp;&nbsp;&nbsp;&nbsp;&nbsp;&nbsp;&nbsp;&nbsp;&nbsp;&nbsp;&nbsp;&nbsp;&nbsp;Sort Key: transaction_id, when_modified</td>\n",
       "    </tr>\n",
       "    <tr>\n",
       "        <td>&nbsp;&nbsp;&nbsp;&nbsp;&nbsp;&nbsp;&nbsp;&nbsp;&nbsp;&nbsp;&nbsp;&nbsp;&nbsp;&nbsp;-&gt;  XN Network  (cost=0.00..0.80 rows=80 width=863)</td>\n",
       "    </tr>\n",
       "    <tr>\n",
       "        <td>&nbsp;&nbsp;&nbsp;&nbsp;&nbsp;&nbsp;&nbsp;&nbsp;&nbsp;&nbsp;&nbsp;&nbsp;&nbsp;&nbsp;&nbsp;&nbsp;&nbsp;&nbsp;&nbsp;&nbsp;Distribute</td>\n",
       "    </tr>\n",
       "    <tr>\n",
       "        <td>&nbsp;&nbsp;&nbsp;&nbsp;&nbsp;&nbsp;&nbsp;&nbsp;&nbsp;&nbsp;&nbsp;&nbsp;&nbsp;&nbsp;&nbsp;&nbsp;&nbsp;&nbsp;&nbsp;&nbsp;-&gt;  XN Seq Scan on transactions_history  (cost=0.00..0.80 rows=80 width=863)</td>\n",
       "    </tr>\n",
       "    <tr>\n",
       "        <td>----- Tables missing statistics: transactions_history -----</td>\n",
       "    </tr>\n",
       "    <tr>\n",
       "        <td>----- Update statistics by running the ANALYZE command on these tables -----</td>\n",
       "    </tr>\n",
       "</table>"
      ],
      "text/plain": [
       "[('XN Subquery Scan subquery  (cost=1000000000003.33..1000000000006.53 rows=1 width=871)',),\n",
       " (\"  Filter: ((n = 1) AND (operation <> 'delete'::bpchar))\",),\n",
       " ('  ->  XN Window  (cost=1000000000003.33..1000000000005.33 rows=80 width=863)',),\n",
       " ('        Partition: transaction_id',),\n",
       " ('        Order: transaction_id, when_modified',),\n",
       " ('        ->  XN Sort  (cost=1000000000003.33..1000000000003.53 rows=80 width=863)',),\n",
       " ('              Sort Key: transaction_id, when_modified',),\n",
       " ('              ->  XN Network  (cost=0.00..0.80 rows=80 width=863)',),\n",
       " ('                    Distribute',),\n",
       " ('                    ->  XN Seq Scan on transactions_history  (cost=0.00..0.80 rows=80 width=863)',),\n",
       " ('----- Tables missing statistics: transactions_history -----',),\n",
       " ('----- Update statistics by running the ANALYZE command on these tables -----',)]"
      ]
     },
     "execution_count": 5,
     "metadata": {},
     "output_type": "execute_result"
    }
   ],
   "source": [
    "%%sql\n",
    "\n",
    "explain select * from\n",
    "(\n",
    "    select *,\n",
    "    row_number() over (\n",
    "        partition by transaction_id \n",
    "        order by transaction_id, when_modified desc\n",
    "    ) as n\n",
    "    from transactions_history\n",
    ") as subquery\n",
    "where n = 1\n",
    "and operation != 'delete'"
   ]
  },
  {
   "cell_type": "markdown",
   "metadata": {},
   "source": [
    "At this point, even a simple query to grab a single row out of our reconstructed transactions table takes hours to compute over a few TB of data. Our warehouse is falling over and we need to make a change.\n",
    "\n",
    "## Optimize data distribution for the query"
   ]
  },
  {
   "cell_type": "code",
   "execution_count": 6,
   "metadata": {},
   "outputs": [
    {
     "name": "stdout",
     "output_type": "stream",
     "text": [
      " * postgresql://ops:***@klukas-test.cfh4rlyx7ryj.us-east-2.redshift.amazonaws.com:5439/dev\n",
      "Done.\n",
      "Done.\n"
     ]
    },
    {
     "data": {
      "text/plain": [
       "[]"
      ]
     },
     "execution_count": 6,
     "metadata": {},
     "output_type": "execute_result"
    }
   ],
   "source": [
    "%%sql\n",
    "\n",
    "drop table if exists transactions_history;\n",
    "\n",
    "create table transactions_history (\n",
    "    operation char(6) not null,\n",
    "    when_modified  timestamp not null,\n",
    "    transaction_id int,\n",
    "    user_id        text,\n",
    "    merchant       text,\n",
    "    amount         numeric,\n",
    "    when_created   timestamp\n",
    ")\n",
    "DISTKEY (transaction_id)"
   ]
  },
  {
   "cell_type": "code",
   "execution_count": 7,
   "metadata": {},
   "outputs": [
    {
     "name": "stdout",
     "output_type": "stream",
     "text": [
      " * postgresql://ops:***@klukas-test.cfh4rlyx7ryj.us-east-2.redshift.amazonaws.com:5439/dev\n",
      "10 rows affected.\n"
     ]
    },
    {
     "data": {
      "text/html": [
       "<table>\n",
       "    <tr>\n",
       "        <th>QUERY PLAN</th>\n",
       "    </tr>\n",
       "    <tr>\n",
       "        <td>XN Subquery Scan subquery  (cost=1000000000003.33..1000000000006.53 rows=1 width=871)</td>\n",
       "    </tr>\n",
       "    <tr>\n",
       "        <td>&nbsp;&nbsp;Filter: ((n = 1) AND (operation &lt;&gt; &#x27;delete&#x27;::bpchar))</td>\n",
       "    </tr>\n",
       "    <tr>\n",
       "        <td>&nbsp;&nbsp;-&gt;  XN Window  (cost=1000000000003.33..1000000000005.33 rows=80 width=863)</td>\n",
       "    </tr>\n",
       "    <tr>\n",
       "        <td>&nbsp;&nbsp;&nbsp;&nbsp;&nbsp;&nbsp;&nbsp;&nbsp;Partition: transaction_id</td>\n",
       "    </tr>\n",
       "    <tr>\n",
       "        <td>&nbsp;&nbsp;&nbsp;&nbsp;&nbsp;&nbsp;&nbsp;&nbsp;Order: transaction_id, when_modified</td>\n",
       "    </tr>\n",
       "    <tr>\n",
       "        <td>&nbsp;&nbsp;&nbsp;&nbsp;&nbsp;&nbsp;&nbsp;&nbsp;-&gt;  XN Sort  (cost=1000000000003.33..1000000000003.53 rows=80 width=863)</td>\n",
       "    </tr>\n",
       "    <tr>\n",
       "        <td>&nbsp;&nbsp;&nbsp;&nbsp;&nbsp;&nbsp;&nbsp;&nbsp;&nbsp;&nbsp;&nbsp;&nbsp;&nbsp;&nbsp;Sort Key: transaction_id, when_modified</td>\n",
       "    </tr>\n",
       "    <tr>\n",
       "        <td>&nbsp;&nbsp;&nbsp;&nbsp;&nbsp;&nbsp;&nbsp;&nbsp;&nbsp;&nbsp;&nbsp;&nbsp;&nbsp;&nbsp;-&gt;  XN Seq Scan on transactions_history  (cost=0.00..0.80 rows=80 width=863)</td>\n",
       "    </tr>\n",
       "    <tr>\n",
       "        <td>----- Tables missing statistics: transactions_history -----</td>\n",
       "    </tr>\n",
       "    <tr>\n",
       "        <td>----- Update statistics by running the ANALYZE command on these tables -----</td>\n",
       "    </tr>\n",
       "</table>"
      ],
      "text/plain": [
       "[('XN Subquery Scan subquery  (cost=1000000000003.33..1000000000006.53 rows=1 width=871)',),\n",
       " (\"  Filter: ((n = 1) AND (operation <> 'delete'::bpchar))\",),\n",
       " ('  ->  XN Window  (cost=1000000000003.33..1000000000005.33 rows=80 width=863)',),\n",
       " ('        Partition: transaction_id',),\n",
       " ('        Order: transaction_id, when_modified',),\n",
       " ('        ->  XN Sort  (cost=1000000000003.33..1000000000003.53 rows=80 width=863)',),\n",
       " ('              Sort Key: transaction_id, when_modified',),\n",
       " ('              ->  XN Seq Scan on transactions_history  (cost=0.00..0.80 rows=80 width=863)',),\n",
       " ('----- Tables missing statistics: transactions_history -----',),\n",
       " ('----- Update statistics by running the ANALYZE command on these tables -----',)]"
      ]
     },
     "execution_count": 7,
     "metadata": {},
     "output_type": "execute_result"
    }
   ],
   "source": [
    "%%sql\n",
    "\n",
    "explain select * from\n",
    "(\n",
    "    select *,\n",
    "    row_number() over (\n",
    "        partition by transaction_id \n",
    "        order by transaction_id, when_modified desc\n",
    "    ) as n\n",
    "    from transactions_history\n",
    ") as subquery\n",
    "where n = 1\n",
    "and operation != 'delete'"
   ]
  },
  {
   "cell_type": "markdown",
   "metadata": {},
   "source": [
    "Notice we have 10 rows now rather than 12 in the query plan. We've successfully gotten rid of the Distribute step! Now, we need to figure out how to avoid the expensive sort.\n",
    "\n",
    "## Optimize sorting"
   ]
  },
  {
   "cell_type": "code",
   "execution_count": 8,
   "metadata": {},
   "outputs": [
    {
     "name": "stdout",
     "output_type": "stream",
     "text": [
      " * postgresql://ops:***@klukas-test.cfh4rlyx7ryj.us-east-2.redshift.amazonaws.com:5439/dev\n",
      "Done.\n",
      "Done.\n"
     ]
    },
    {
     "data": {
      "text/plain": [
       "[]"
      ]
     },
     "execution_count": 8,
     "metadata": {},
     "output_type": "execute_result"
    }
   ],
   "source": [
    "%%sql\n",
    "\n",
    "drop table if exists transactions_history;\n",
    "\n",
    "create table transactions_history (\n",
    "    operation char(6) not null,\n",
    "    when_modified  timestamp not null,\n",
    "    transaction_id int,\n",
    "    user_id        text,\n",
    "    merchant       text,\n",
    "    amount         numeric,\n",
    "    when_created   timestamp\n",
    ")\n",
    "DISTKEY (transaction_id)\n",
    "SORTKEY (transaction_id, when_modified)"
   ]
  },
  {
   "cell_type": "code",
   "execution_count": 9,
   "metadata": {},
   "outputs": [
    {
     "name": "stdout",
     "output_type": "stream",
     "text": [
      " * postgresql://ops:***@klukas-test.cfh4rlyx7ryj.us-east-2.redshift.amazonaws.com:5439/dev\n",
      "8 rows affected.\n"
     ]
    },
    {
     "data": {
      "text/html": [
       "<table>\n",
       "    <tr>\n",
       "        <th>QUERY PLAN</th>\n",
       "    </tr>\n",
       "    <tr>\n",
       "        <td>XN Subquery Scan subquery  (cost=0.00..4.20 rows=1 width=879)</td>\n",
       "    </tr>\n",
       "    <tr>\n",
       "        <td>&nbsp;&nbsp;Filter: ((c = n) AND (operation &lt;&gt; &#x27;delete&#x27;::bpchar))</td>\n",
       "    </tr>\n",
       "    <tr>\n",
       "        <td>&nbsp;&nbsp;-&gt;  XN Window  (cost=0.00..3.00 rows=80 width=863)</td>\n",
       "    </tr>\n",
       "    <tr>\n",
       "        <td>&nbsp;&nbsp;&nbsp;&nbsp;&nbsp;&nbsp;&nbsp;&nbsp;Partition: transaction_id</td>\n",
       "    </tr>\n",
       "    <tr>\n",
       "        <td>&nbsp;&nbsp;&nbsp;&nbsp;&nbsp;&nbsp;&nbsp;&nbsp;Order: transaction_id, when_modified</td>\n",
       "    </tr>\n",
       "    <tr>\n",
       "        <td>&nbsp;&nbsp;&nbsp;&nbsp;&nbsp;&nbsp;&nbsp;&nbsp;-&gt;  XN Seq Scan on transactions_history  (cost=0.00..0.80 rows=80 width=863)</td>\n",
       "    </tr>\n",
       "    <tr>\n",
       "        <td>----- Tables missing statistics: transactions_history -----</td>\n",
       "    </tr>\n",
       "    <tr>\n",
       "        <td>----- Update statistics by running the ANALYZE command on these tables -----</td>\n",
       "    </tr>\n",
       "</table>"
      ],
      "text/plain": [
       "[('XN Subquery Scan subquery  (cost=0.00..4.20 rows=1 width=879)',),\n",
       " (\"  Filter: ((c = n) AND (operation <> 'delete'::bpchar))\",),\n",
       " ('  ->  XN Window  (cost=0.00..3.00 rows=80 width=863)',),\n",
       " ('        Partition: transaction_id',),\n",
       " ('        Order: transaction_id, when_modified',),\n",
       " ('        ->  XN Seq Scan on transactions_history  (cost=0.00..0.80 rows=80 width=863)',),\n",
       " ('----- Tables missing statistics: transactions_history -----',),\n",
       " ('----- Update statistics by running the ANALYZE command on these tables -----',)]"
      ]
     },
     "execution_count": 9,
     "metadata": {},
     "output_type": "execute_result"
    }
   ],
   "source": [
    "%%sql\n",
    "\n",
    "explain select * from\n",
    "(\n",
    "    select *,\n",
    "    row_number() over (\n",
    "        partition by transaction_id \n",
    "        order by transaction_id, when_modified asc\n",
    "    ) as n,\n",
    "    count(*) over (\n",
    "        partition by transaction_id \n",
    "        order by transaction_id, when_modified asc \n",
    "        rows between unbounded preceding and unbounded following\n",
    "    ) as c\n",
    "    from transactions_history\n",
    ") as subquery\n",
    "where n = c\n",
    "and operation != 'delete'"
   ]
  },
  {
   "cell_type": "markdown",
   "metadata": {},
   "source": [
    "Now we're down to 8 rows; Redshift no longer has to perform a Sort step!"
   ]
  },
  {
   "cell_type": "code",
   "execution_count": null,
   "metadata": {},
   "outputs": [],
   "source": []
  }
 ],
 "metadata": {
  "kernelspec": {
   "display_name": "Python 3",
   "language": "python",
   "name": "python3"
  },
  "language_info": {
   "codemirror_mode": {
    "name": "ipython",
    "version": 3
   },
   "file_extension": ".py",
   "mimetype": "text/x-python",
   "name": "python",
   "nbconvert_exporter": "python",
   "pygments_lexer": "ipython3",
   "version": "3.7.0"
  }
 },
 "nbformat": 4,
 "nbformat_minor": 2
}
